2025-03-11 09:54:50 INFO  LoggingManager:39 - Logging configuration initialized. Log file path: C:\Users\kwazinkosizwane\eclipse-workspace\SourceDemo\logs\source_demo_logs.log
2025-03-11 09:54:50 INFO  LoggingManager:48 - Loading the properties file
2025-03-11 09:54:50 INFO  LoggingManager:48 - Initializing chrome browser in headless mode
2025-03-11 09:54:51 INFO  LoggingManager:48 - Initializing chrome browser in headless mode
2025-03-11 09:54:51 INFO  LoggingManager:48 - Initializing chrome browser in headless mode
2025-03-11 09:54:53 INFO  LoggingManager:48 - WebDriver configured successfully
2025-03-11 09:54:53 INFO  LoggingManager:48 - WebDriver configured successfully
2025-03-11 09:54:53 INFO  LoggingManager:48 - WebDriver configured successfully
2025-03-11 09:54:55 INFO  LoggingManager:48 - Navigated to URL:https://www.saucedemo.com
2025-03-11 09:54:55 INFO  LoggingManager:48 - Successfully performed send keys to on element: [[ChromeDriver: chrome on windows (396a443fec430fb479d29376b65a39e9)] -> id: user-name]
2025-03-11 09:54:55 INFO  LoggingManager:48 - Navigated to URL:https://www.saucedemo.com
2025-03-11 09:54:55 INFO  LoggingManager:48 - Successfully performed send keys to on element: [[ChromeDriver: chrome on windows (396a443fec430fb479d29376b65a39e9)] -> id: password]
2025-03-11 09:54:56 INFO  LoggingManager:48 - Navigated to URL:https://www.saucedemo.com
2025-03-11 09:54:56 INFO  LoggingManager:48 - Successfully performed click on element: [[ChromeDriver: chrome on windows (396a443fec430fb479d29376b65a39e9)] -> id: login-button]
2025-03-11 09:54:56 INFO  LoggingManager:48 - Successfully performed send keys to on element: [[ChromeDriver: chrome on windows (f5fc7d049371d1d5c000364cc68dacd1)] -> id: user-name]
2025-03-11 09:54:56 INFO  LoggingManager:48 - Successfully performed send keys to on element: [[ChromeDriver: chrome on windows (f5fc7d049371d1d5c000364cc68dacd1)] -> id: password]
2025-03-11 09:54:56 INFO  LoggingManager:48 - Successfully performed send keys to on element: [[ChromeDriver: chrome on windows (1096c00670e25ba9edb9c903d1eab050)] -> id: user-name]
2025-03-11 09:54:56 INFO  LoggingManager:48 - Successfully performed send keys to on element: [[ChromeDriver: chrome on windows (1096c00670e25ba9edb9c903d1eab050)] -> id: password]
2025-03-11 09:54:56 INFO  LoggingManager:48 - Successfully performed click on element: [[ChromeDriver: chrome on windows (f5fc7d049371d1d5c000364cc68dacd1)] -> id: login-button]
2025-03-11 09:54:56 INFO  LoggingManager:48 - Successfully performed click on element: [[ChromeDriver: chrome on windows (396a443fec430fb479d29376b65a39e9)] -> id: checkout]
2025-03-11 09:54:56 INFO  LoggingManager:48 - Successfully performed click on element: [[ChromeDriver: chrome on windows (1096c00670e25ba9edb9c903d1eab050)] -> id: login-button]
2025-03-11 09:54:56 INFO  LoggingManager:48 - TC01 in LoginPageTest::testLoginFunctionality PASSED!
2025-03-11 09:54:56 INFO  LoggingManager:48 - Successfully performed send keys to on element: [[ChromeDriver: chrome on windows (396a443fec430fb479d29376b65a39e9)] -> id: first-name]
2025-03-11 09:54:56 INFO  LoggingManager:48 - WebDriver quit successfully
2025-03-11 09:54:56 INFO  LoggingManager:48 - Initializing chrome browser in headless mode
2025-03-11 09:54:56 INFO  LoggingManager:48 - Successfully performed send keys to on element: [[ChromeDriver: chrome on windows (396a443fec430fb479d29376b65a39e9)] -> id: last-name]
2025-03-11 09:54:57 INFO  LoggingManager:48 - Successfully performed send keys to on element: [[ChromeDriver: chrome on windows (396a443fec430fb479d29376b65a39e9)] -> id: postal-code]
2025-03-11 09:54:57 INFO  LoggingManager:48 - Successfully performed click on element: [[ChromeDriver: chrome on windows (396a443fec430fb479d29376b65a39e9)] -> id: continue]
2025-03-11 09:54:57 INFO  LoggingManager:48 - TC01 (expected error) in CheckoutPageTests::testCheckoutFormSubmissions PASSED!
2025-03-11 09:54:57 INFO  LoggingManager:48 - WebDriver quit successfully
2025-03-11 09:54:57 INFO  LoggingManager:48 - Initializing chrome browser in headless mode
2025-03-11 09:54:58 INFO  LoggingManager:48 - WebDriver configured successfully
2025-03-11 09:54:58 INFO  LoggingManager:48 - Navigated to URL:https://www.saucedemo.com
2025-03-11 09:54:58 INFO  LoggingManager:48 - WebDriver configured successfully
2025-03-11 09:54:59 INFO  LoggingManager:48 - Successfully performed send keys to on element: [[ChromeDriver: chrome on windows (46636849e115abfd6b0990d199ac90c4)] -> id: user-name]
2025-03-11 09:54:59 INFO  LoggingManager:48 - Successfully performed send keys to on element: [[ChromeDriver: chrome on windows (46636849e115abfd6b0990d199ac90c4)] -> id: password]
2025-03-11 09:54:59 INFO  LoggingManager:48 - Successfully performed click on element: [[ChromeDriver: chrome on windows (46636849e115abfd6b0990d199ac90c4)] -> id: login-button]
2025-03-11 09:54:59 INFO  LoggingManager:48 - Navigated to URL:https://www.saucedemo.com
2025-03-11 09:54:59 INFO  LoggingManager:48 - TC02 in LoginPageTest::testLoginFunctionality PASSED!
2025-03-11 09:54:59 INFO  LoggingManager:48 - Successfully performed send keys to on element: [[ChromeDriver: chrome on windows (4b7488c78713408ec448aef185f6b39b)] -> id: user-name]
2025-03-11 09:54:59 INFO  LoggingManager:48 - WebDriver quit successfully
2025-03-11 09:54:59 INFO  LoggingManager:48 - Initializing chrome browser in headless mode
2025-03-11 09:55:00 INFO  LoggingManager:48 - Successfully performed send keys to on element: [[ChromeDriver: chrome on windows (4b7488c78713408ec448aef185f6b39b)] -> id: password]
2025-03-11 09:55:00 INFO  LoggingManager:48 - Successfully performed click on element: [[ChromeDriver: chrome on windows (4b7488c78713408ec448aef185f6b39b)] -> id: login-button]
2025-03-11 09:55:00 INFO  LoggingManager:48 - Successfully performed click on element: [[ChromeDriver: chrome on windows (4b7488c78713408ec448aef185f6b39b)] -> id: checkout]
2025-03-11 09:55:00 INFO  LoggingManager:48 - Successfully performed send keys to on element: [[ChromeDriver: chrome on windows (4b7488c78713408ec448aef185f6b39b)] -> id: first-name]
2025-03-11 09:55:01 INFO  LoggingManager:48 - Successfully performed send keys to on element: [[ChromeDriver: chrome on windows (4b7488c78713408ec448aef185f6b39b)] -> id: last-name]
2025-03-11 09:55:01 INFO  LoggingManager:48 - LandingPageTests::testAddAndRemoveItemFromCartUpdatesCartCount PASSED!
2025-03-11 09:55:01 INFO  LoggingManager:48 - Successfully performed send keys to on element: [[ChromeDriver: chrome on windows (4b7488c78713408ec448aef185f6b39b)] -> id: postal-code]
2025-03-11 09:55:01 INFO  LoggingManager:48 - Successfully performed click on element: [[ChromeDriver: chrome on windows (4b7488c78713408ec448aef185f6b39b)] -> id: continue]
2025-03-11 09:55:01 INFO  LoggingManager:48 - TC02 (expected error) in CheckoutPageTests::testCheckoutFormSubmissions PASSED!
2025-03-11 09:55:01 INFO  LoggingManager:48 - WebDriver quit successfully
2025-03-11 09:55:01 INFO  LoggingManager:48 - WebDriver configured successfully
2025-03-11 09:55:01 INFO  LoggingManager:48 - WebDriver quit successfully
2025-03-11 09:55:01 INFO  LoggingManager:48 - Initializing chrome browser in headless mode
2025-03-11 09:55:02 INFO  LoggingManager:48 - Navigated to URL:https://www.saucedemo.com
2025-03-11 09:55:02 INFO  LoggingManager:48 - Successfully performed send keys to on element: [[ChromeDriver: chrome on windows (3ff82461d0c9c997ca1ee76de52917eb)] -> id: user-name]
2025-03-11 09:55:02 INFO  LoggingManager:48 - Successfully performed send keys to on element: [[ChromeDriver: chrome on windows (3ff82461d0c9c997ca1ee76de52917eb)] -> id: password]
2025-03-11 09:55:02 INFO  LoggingManager:48 - Successfully performed click on element: [[ChromeDriver: chrome on windows (3ff82461d0c9c997ca1ee76de52917eb)] -> id: login-button]
2025-03-11 09:55:02 INFO  LoggingManager:48 - TC03 in LoginPageTest::testLoginFunctionality PASSED!
2025-03-11 09:55:03 INFO  LoggingManager:48 - WebDriver quit successfully
2025-03-11 09:55:03 INFO  LoggingManager:48 - Initializing chrome browser in headless mode
2025-03-11 09:55:03 INFO  LoggingManager:48 - WebDriver configured successfully
2025-03-11 09:55:03 INFO  LoggingManager:48 - Navigated to URL:https://www.saucedemo.com
2025-03-11 09:55:03 INFO  LoggingManager:48 - Successfully performed send keys to on element: [[ChromeDriver: chrome on windows (781d1441bb5b5a295452c034331997bc)] -> id: user-name]
2025-03-11 09:55:04 INFO  LoggingManager:48 - Successfully performed send keys to on element: [[ChromeDriver: chrome on windows (781d1441bb5b5a295452c034331997bc)] -> id: password]
2025-03-11 09:55:04 INFO  LoggingManager:48 - Successfully performed click on element: [[ChromeDriver: chrome on windows (781d1441bb5b5a295452c034331997bc)] -> id: login-button]
2025-03-11 09:55:04 INFO  LoggingManager:48 - WebDriver configured successfully
2025-03-11 09:55:04 INFO  LoggingManager:48 - Successfully performed click on element: [[ChromeDriver: chrome on windows (781d1441bb5b5a295452c034331997bc)] -> id: checkout]
2025-03-11 09:55:04 INFO  LoggingManager:48 - Successfully performed send keys to on element: [[ChromeDriver: chrome on windows (781d1441bb5b5a295452c034331997bc)] -> id: first-name]
2025-03-11 09:55:04 INFO  LoggingManager:48 - Successfully performed send keys to on element: [[ChromeDriver: chrome on windows (781d1441bb5b5a295452c034331997bc)] -> id: last-name]
2025-03-11 09:55:05 INFO  LoggingManager:48 - Successfully performed send keys to on element: [[ChromeDriver: chrome on windows (781d1441bb5b5a295452c034331997bc)] -> id: postal-code]
2025-03-11 09:55:05 INFO  LoggingManager:48 - Successfully performed click on element: [[ChromeDriver: chrome on windows (781d1441bb5b5a295452c034331997bc)] -> id: continue]
2025-03-11 09:55:05 INFO  LoggingManager:48 - TC03 (expected error) in CheckoutPageTests::testCheckoutFormSubmissions PASSED!
2025-03-11 09:55:05 INFO  LoggingManager:48 - Navigated to URL:https://www.saucedemo.com
2025-03-11 09:55:05 INFO  LoggingManager:48 - WebDriver quit successfully
2025-03-11 09:55:05 INFO  LoggingManager:48 - Initializing chrome browser in headless mode
2025-03-11 09:55:05 INFO  LoggingManager:48 - Successfully performed send keys to on element: [[ChromeDriver: chrome on windows (ad4c6f21a3491e15e813aded8e7f3c3c)] -> id: user-name]
2025-03-11 09:55:05 INFO  LoggingManager:48 - Successfully performed send keys to on element: [[ChromeDriver: chrome on windows (ad4c6f21a3491e15e813aded8e7f3c3c)] -> id: password]
2025-03-11 09:55:06 INFO  LoggingManager:48 - WebDriver configured successfully
2025-03-11 09:55:07 INFO  LoggingManager:48 - Navigated to URL:https://www.saucedemo.com
2025-03-11 09:55:07 INFO  LoggingManager:48 - Successfully performed send keys to on element: [[ChromeDriver: chrome on windows (3baec8e40a6d0292d39e03a3dd68c430)] -> id: user-name]
2025-03-11 09:55:08 INFO  LoggingManager:48 - Successfully performed send keys to on element: [[ChromeDriver: chrome on windows (3baec8e40a6d0292d39e03a3dd68c430)] -> id: password]
2025-03-11 09:55:08 INFO  LoggingManager:48 - Successfully performed click on element: [[ChromeDriver: chrome on windows (3baec8e40a6d0292d39e03a3dd68c430)] -> id: login-button]
2025-03-11 09:55:08 INFO  LoggingManager:48 - Successfully performed click on element: [[ChromeDriver: chrome on windows (3baec8e40a6d0292d39e03a3dd68c430)] -> id: checkout]
2025-03-11 09:55:08 INFO  LoggingManager:48 - Successfully performed send keys to on element: [[ChromeDriver: chrome on windows (3baec8e40a6d0292d39e03a3dd68c430)] -> id: first-name]
2025-03-11 09:55:08 INFO  LoggingManager:48 - Successfully performed send keys to on element: [[ChromeDriver: chrome on windows (3baec8e40a6d0292d39e03a3dd68c430)] -> id: last-name]
2025-03-11 09:55:09 INFO  LoggingManager:48 - Successfully performed send keys to on element: [[ChromeDriver: chrome on windows (3baec8e40a6d0292d39e03a3dd68c430)] -> id: postal-code]
2025-03-11 09:55:09 INFO  LoggingManager:48 - Successfully performed click on element: [[ChromeDriver: chrome on windows (3baec8e40a6d0292d39e03a3dd68c430)] -> id: continue]
2025-03-11 09:55:10 INFO  LoggingManager:48 - Successfully performed click on element: [[ChromeDriver: chrome on windows (ad4c6f21a3491e15e813aded8e7f3c3c)] -> id: login-button]
2025-03-11 09:55:10 INFO  LoggingManager:48 - TC04 in LoginPageTest::testLoginFunctionality PASSED!
2025-03-11 09:55:11 INFO  LoggingManager:48 - WebDriver quit successfully
2025-03-11 09:55:11 INFO  LoggingManager:48 - Initializing chrome browser in headless mode
2025-03-11 09:55:11 INFO  LoggingManager:48 - TC04 (expected success) in CheckoutPageTests::testCheckoutFormSubmissions PASSED!
2025-03-11 09:55:11 INFO  LoggingManager:48 - WebDriver quit successfully
2025-03-11 09:55:12 INFO  LoggingManager:48 - WebDriver configured successfully
2025-03-11 09:55:13 INFO  LoggingManager:48 - Navigated to URL:https://www.saucedemo.com
2025-03-11 09:55:13 INFO  LoggingManager:48 - Successfully performed send keys to on element: [[ChromeDriver: chrome on windows (0501377eac8703c325da01921fcdc319)] -> id: user-name]
2025-03-11 09:55:13 INFO  LoggingManager:48 - Successfully performed send keys to on element: [[ChromeDriver: chrome on windows (0501377eac8703c325da01921fcdc319)] -> id: password]
2025-03-11 09:55:13 INFO  LoggingManager:48 - Successfully performed click on element: [[ChromeDriver: chrome on windows (0501377eac8703c325da01921fcdc319)] -> id: login-button]
2025-03-11 09:55:13 INFO  LoggingManager:48 - TC05 in LoginPageTest::testLoginFunctionality PASSED!
2025-03-11 09:55:13 INFO  LoggingManager:48 - WebDriver quit successfully
2025-03-11 09:55:13 INFO  LoggingManager:48 - Initializing chrome browser in headless mode
2025-03-11 09:55:14 INFO  LoggingManager:48 - WebDriver configured successfully
2025-03-11 09:55:16 INFO  LoggingManager:48 - Navigated to URL:https://www.saucedemo.com
2025-03-11 09:55:16 INFO  LoggingManager:48 - Successfully performed send keys to on element: [[ChromeDriver: chrome on windows (6b904454c1f8881b9a255844dda19d15)] -> id: user-name]
2025-03-11 09:55:16 INFO  LoggingManager:48 - Successfully performed send keys to on element: [[ChromeDriver: chrome on windows (6b904454c1f8881b9a255844dda19d15)] -> id: password]
2025-03-11 09:55:16 INFO  LoggingManager:48 - Successfully performed click on element: [[ChromeDriver: chrome on windows (6b904454c1f8881b9a255844dda19d15)] -> id: login-button]
2025-03-11 09:55:16 INFO  LoggingManager:48 - TC06 in LoginPageTest::testLoginFunctionality PASSED!
2025-03-11 09:55:16 INFO  LoggingManager:48 - WebDriver quit successfully
2025-03-11 09:55:16 INFO  LoggingManager:48 - Initializing chrome browser in headless mode
2025-03-11 09:55:17 INFO  LoggingManager:48 - WebDriver configured successfully
2025-03-11 09:55:18 INFO  LoggingManager:48 - Navigated to URL:https://www.saucedemo.com
2025-03-11 09:55:18 INFO  LoggingManager:48 - Successfully performed send keys to on element: [[ChromeDriver: chrome on windows (79a59ae2b89cf9cb3466104f0cf9621d)] -> id: user-name]
2025-03-11 09:55:18 INFO  LoggingManager:48 - Successfully performed send keys to on element: [[ChromeDriver: chrome on windows (79a59ae2b89cf9cb3466104f0cf9621d)] -> id: password]
2025-03-11 09:55:19 INFO  LoggingManager:48 - Successfully performed click on element: [[ChromeDriver: chrome on windows (79a59ae2b89cf9cb3466104f0cf9621d)] -> id: login-button]
2025-03-11 09:55:19 INFO  LoggingManager:48 - TC07 in LoginPageTest::testLoginFunctionality PASSED!
2025-03-11 09:55:19 INFO  LoggingManager:48 - WebDriver quit successfully
2025-03-11 09:55:19 INFO  LoggingManager:48 - Initializing chrome browser in headless mode
2025-03-11 09:55:20 INFO  LoggingManager:48 - WebDriver configured successfully
2025-03-11 09:55:21 INFO  LoggingManager:48 - Navigated to URL:https://www.saucedemo.com
2025-03-11 09:55:21 INFO  LoggingManager:48 - Successfully performed send keys to on element: [[ChromeDriver: chrome on windows (5fee5bbb453847b3b6e6a96e75fd045f)] -> id: user-name]
2025-03-11 09:55:21 INFO  LoggingManager:48 - Successfully performed send keys to on element: [[ChromeDriver: chrome on windows (5fee5bbb453847b3b6e6a96e75fd045f)] -> id: password]
2025-03-11 09:55:21 INFO  LoggingManager:48 - Successfully performed click on element: [[ChromeDriver: chrome on windows (5fee5bbb453847b3b6e6a96e75fd045f)] -> id: login-button]
2025-03-11 09:55:21 INFO  LoggingManager:48 - TC08 in LoginPageTest::testLoginFunctionality PASSED!
2025-03-11 09:55:21 INFO  LoggingManager:48 - WebDriver quit successfully
2025-03-11 09:55:21 INFO  LoggingManager:48 - Initializing chrome browser in headless mode
2025-03-11 09:55:22 INFO  LoggingManager:48 - WebDriver configured successfully
2025-03-11 09:55:23 INFO  LoggingManager:48 - Navigated to URL:https://www.saucedemo.com
2025-03-11 09:55:23 INFO  LoggingManager:48 - Successfully performed send keys to on element: [[ChromeDriver: chrome on windows (e7ef6378c25c0da4182628bccb314fdc)] -> id: user-name]
2025-03-11 09:55:23 INFO  LoggingManager:48 - Successfully performed send keys to on element: [[ChromeDriver: chrome on windows (e7ef6378c25c0da4182628bccb314fdc)] -> id: password]
2025-03-11 09:55:23 INFO  LoggingManager:48 - Successfully performed click on element: [[ChromeDriver: chrome on windows (e7ef6378c25c0da4182628bccb314fdc)] -> id: login-button]
2025-03-11 09:55:23 INFO  LoggingManager:48 - TC09 in LoginPageTest::testLoginFunctionality PASSED!
2025-03-11 09:55:24 INFO  LoggingManager:48 - WebDriver quit successfully
